<?xml version="1.0" encoding="UTF-8"?>
<!-- Generated by org.testng.reporters.JUnitXMLReporter -->
<testsuite ignored="11" hostname="DESKTOP-DKGM47G" failures="0" tests="1" name="Default test" time="3.023" errors="0" timestamp="2022-08-18T16:30:06 ART">
  <testcase classname="DealsAutomation" name="GuardarDeal" time="2.98"/>
  <testcase classname="DealsAutomation" name="CrearResincronizacionAR" time="0.0">
    <ignored/>
  </testcase> <!-- CrearResincronizacionAR -->
  <testcase classname="DealsAutomation" name="CrearResincosinPais" time="0.0">
    <ignored/>
  </testcase> <!-- CrearResincosinPais -->
  <testcase classname="DealsAutomation" name="EjecutarresincroUY" time="0.0">
    <ignored/>
  </testcase> <!-- EjecutarresincroUY -->
  <testcase classname="DealsAutomation" name="asaaar" time="0.0">
    <ignored/>
  </testcase> <!-- asaaar -->
  <testcase classname="DealsAutomation" name="EjecutarresincroPY" time="0.0">
    <ignored/>
  </testcase> <!-- EjecutarresincroPY -->
  <testcase classname="DealsAutomation" name="asaaawr" time="0.0">
    <ignored/>
  </testcase> <!-- asaaawr -->
  <testcase classname="DealsAutomation" name="ProcesarDealsAZURE" time="0.0">
    <ignored/>
  </testcase> <!-- ProcesarDealsAZURE -->
  <testcase classname="DealsAutomation" name="CrearResincronizacionUY" time="0.0">
    <ignored/>
  </testcase> <!-- CrearResincronizacionUY -->
  <testcase classname="DealsAutomation" name="CrearResincronizacionPY" time="0.0">
    <ignored/>
  </testcase> <!-- CrearResincronizacionPY -->
  <testcase classname="DealsAutomation" name="EjecutarresincroAR" time="0.0">
    <ignored/>
  </testcase> <!-- EjecutarresincroAR -->
  <testcase classname="DealsAutomation" name="CrearResincosinClientes" time="0.0">
    <ignored/>
  </testcase> <!-- CrearResincosinClientes -->
</testsuite> <!-- Default test -->
