<?xml version="1.0" encoding="UTF-8"?>
<!-- Generated by org.testng.reporters.JUnitXMLReporter -->
<testsuite ignored="0" hostname="DESKTOP-DKGM47G" failures="0" tests="6" name="Default test" time="6.425" errors="0" timestamp="2022-08-08T09:05:43 ART">
  <testcase classname="DealsAutomation" name="CrearResincronizacionAR" time="0.008"/>
  <testcase classname="DealsAutomation" name="CrearResincronizacionPY" time="0.001"/>
  <testcase classname="DealsAutomation" name="CrearResincronizacionUY" time="0.001"/>
  <testcase classname="DealsAutomation" name="GuardarDeal" time="3.617"/>
  <testcase classname="DealsAutomation" name="ProcesarDealsAZURE" time="2.723"/>
  <testcase classname="DealsAutomation" name="aaaar" time="0.002"/>
</testsuite> <!-- Default test -->
